  Building Custom Rule C:/Users/Lucas/source/repos/programmiersprachen-aufgabe-1/source/CMakeLists.txt
  Abgabe_1.cpp
C:\Users\Lucas\source\repos\programmiersprachen-aufgabe-1\source\Abgabe_1.cpp(53,24): warning C4804: '>': unsafe use of type 'bool' in operation
C:\Users\Lucas\source\repos\programmiersprachen-aufgabe-1\source\Abgabe_1.cpp(66,11): warning C4244: 'initializing': conversion from 'double' to 'int', possible loss of data
C:\Users\Lucas\source\repos\programmiersprachen-aufgabe-1\source\Abgabe_1.cpp(74,28): warning C4244: '=': conversion from 'double' to 'int', possible loss of data
C:\Users\Lucas\source\repos\programmiersprachen-aufgabe-1\source\Abgabe_1.cpp(82,24): warning C4244: '=': conversion from 'double' to 'int', possible loss of data
C:\Program Files (x86)\Microsoft Visual Studio\2019\Community\VC\Tools\MSVC\14.25.28610\include\algorithm(2176,64): warning C4244: 'argument': conversion from '_Diff' to 'int', possible loss of data
C:\Program Files (x86)\Microsoft Visual Studio\2019\Community\VC\Tools\MSVC\14.25.28610\include\algorithm(2196): message : see reference to function template instantiation 'void std::_Random_shuffle1<_RanIt,Catch::RandomNumberGenerator>(_RanIt,_RanIt,_RngFn &)' being compiled
          with
          [
              _RanIt=std::_Vector_iterator<std::_Vector_val<std::_Simple_types<Catch::TestCase>>>,
              _RngFn=Catch::RandomNumberGenerator
          ]
C:\Users\Lucas\source\repos\programmiersprachen-aufgabe-1\external\catch-1.4.0\catch.hpp(6431): message : see reference to function template instantiation 'void std::random_shuffle<std::_Vector_iterator<std::_Vector_val<std::_Simple_types<_Ty>>>,Catch::RandomNumberGenerator&>(_RanIt,_RanIt,_RngFn)' being compiled
          with
          [
              _Ty=Catch::TestCase,
              _RanIt=std::_Vector_iterator<std::_Vector_val<std::_Simple_types<Catch::TestCase>>>,
              _RngFn=Catch::RandomNumberGenerator &
          ]
C:\Users\Lucas\source\repos\programmiersprachen-aufgabe-1\source\Abgabe_1.cpp(110): warning C4715: 'is_prime': not all control paths return a value
  Abgabe_1.vcxproj -> C:\Users\Lucas\source\repos\programmiersprachen-aufgabe-1\build\source\Debug\Abgabe_1.exe
